2024-12-10 18:07:21.594: [INFO][Sync] Reset engine, reason: 8
2024-12-10 18:07:21.594: [INFO][Sync] Stopped: Bookmarks
2024-12-10 18:07:21.594: [INFO][Sync] Stopped: Preferences
2024-12-10 18:07:21.594: [INFO][Sync] Stopped: Passwords
2024-12-10 18:07:21.594: [INFO][Sync] Stopped: Autofill Profiles
2024-12-10 18:07:21.594: [INFO][Sync] Stopped: Autofill
2024-12-10 18:07:21.594: [INFO][Sync] Stopped: Typed URLs
2024-12-10 18:07:21.594: [INFO][Sync] Stopped: Extensions
2024-12-10 18:07:21.594: [INFO][Sync] Stopped: Sessions
2024-12-10 18:07:21.594: [INFO][Sync] Stopped: Extension settings
2024-12-10 18:07:21.594: [INFO][Sync] Stopped: History Delete Directives
2024-12-10 18:07:21.594: [INFO][Sync] Stopped: Device Info
2024-12-10 18:07:21.594: [INFO][Sync] Stopped: User Consents
2024-12-10 18:07:21.594: [INFO][Sync] Stopped: Send Tab To Self
2024-12-10 18:07:21.594: [INFO][Sync] Stopped: Web Apps
2024-12-10 18:07:21.594: [INFO][Sync] Stopped: History
2024-12-10 18:07:21.594: [INFO][Sync] Stopped: Collection
2024-12-10 18:07:21.594: [INFO][Sync] Stopped: Edge E Drop
2024-12-10 18:07:21.594: [INFO][Sync] Stopped: Edge Hub App Usage
2024-12-10 18:07:21.594: [INFO][Sync] Stopped: Edge Tab Group
2024-12-10 18:07:21.594: [INFO][Sync] Stopped: Edge Wallet
2024-12-10 18:07:21.595: [INFO][Sync] SyncState after authenticated was: NotSignedIn
2024-12-10 18:07:21.768: [INFO][Sync] Reset engine, reason: 8
2024-12-10 18:07:21.768: [INFO][Sync] Stopped: Bookmarks
2024-12-10 18:07:21.768: [INFO][Sync] Stopped: Preferences
2024-12-10 18:07:21.768: [INFO][Sync] Stopped: Passwords
2024-12-10 18:07:21.768: [INFO][Sync] Stopped: Autofill Profiles
2024-12-10 18:07:21.768: [INFO][Sync] Stopped: Autofill
2024-12-10 18:07:21.768: [INFO][Sync] Stopped: Typed URLs
2024-12-10 18:07:21.768: [INFO][Sync] Stopped: Extensions
2024-12-10 18:07:21.768: [INFO][Sync] Stopped: Sessions
2024-12-10 18:07:21.768: [INFO][Sync] Stopped: Extension settings
2024-12-10 18:07:21.768: [INFO][Sync] Stopped: History Delete Directives
2024-12-10 18:07:21.768: [INFO][Sync] Stopped: Device Info
2024-12-10 18:07:21.768: [INFO][Sync] Stopped: User Consents
2024-12-10 18:07:21.768: [INFO][Sync] Stopped: Send Tab To Self
2024-12-10 18:07:21.768: [INFO][Sync] Stopped: Web Apps
2024-12-10 18:07:21.768: [INFO][Sync] Stopped: History
2024-12-10 18:07:21.768: [INFO][Sync] Stopped: Collection
2024-12-10 18:07:21.768: [INFO][Sync] Stopped: Edge E Drop
2024-12-10 18:07:21.768: [INFO][Sync] Stopped: Edge Hub App Usage
2024-12-10 18:07:21.768: [INFO][Sync] Stopped: Edge Tab Group
2024-12-10 18:07:21.768: [INFO][Sync] Stopped: Edge Wallet
2024-12-10 18:10:14.647: [INFO][Sync] Reset engine, reason: 0
